execve("./hello", ["./hello"], 0x7ffd9bea1228 /* 26 vars */) = 0 <0.000216>
brk(NULL)                               = 0x55c3839e9000 <0.000073>
arch_prctl(0x3001 /* ARCH_??? */, 0x7fff4d875810) = -1 EINVAL (Invalid argument) <0.000071>
mmap(NULL, 8192, PROT_READ|PROT_WRITE, MAP_PRIVATE|MAP_ANONYMOUS, -1, 0) = 0x7fe976731000 <0.000074>
access("/etc/ld.so.preload", R_OK)      = -1 ENOENT (No such file or directory) <0.000076>
openat(AT_FDCWD, "/etc/ld.so.cache", O_RDONLY|O_CLOEXEC) = 3 <0.000077>
newfstatat(3, "", {st_mode=S_IFREG|0644, st_size=21775, ...}, AT_EMPTY_PATH) = 0 <0.000073>
mmap(NULL, 21775, PROT_READ, MAP_PRIVATE, 3, 0) = 0x7fe97672b000 <0.000080>
close(3)                                = 0 <0.000069>
openat(AT_FDCWD, "/lib/x86_64-linux-gnu/libc.so.6", O_RDONLY|O_CLOEXEC) = 3 <0.000083>
read(3, "\177ELF\2\1\1\3\0\0\0\0\0\0\0\0\3\0>\0\1\0\0\0P\237\2\0\0\0\0\0"..., 832) = 832 <0.000078>
pread64(3, "\6\0\0\0\4\0\0\0@\0\0\0\0\0\0\0@\0\0\0\0\0\0\0@\0\0\0\0\0\0\0"..., 784, 64) = 784 <0.000105>
pread64(3, "\4\0\0\0 \0\0\0\5\0\0\0GNU\0\2\0\0\300\4\0\0\0\3\0\0\0\0\0\0\0"..., 48, 848) = 48 <0.000133>
pread64(3, "\4\0\0\0\24\0\0\0\3\0\0\0GNU\0i8\235HZ\227\223\333\350s\360\352,\223\340."..., 68, 896) = 68 <0.000077>
newfstatat(3, "", {st_mode=S_IFREG|0644, st_size=2216304, ...}, AT_EMPTY_PATH) = 0 <0.000105>
pread64(3, "\6\0\0\0\4\0\0\0@\0\0\0\0\0\0\0@\0\0\0\0\0\0\0@\0\0\0\0\0\0\0"..., 784, 64) = 784 <0.000082>
mmap(NULL, 2260560, PROT_READ, MAP_PRIVATE|MAP_DENYWRITE, 3, 0) = 0x7fe976400000 <0.000091>
mmap(0x7fe976428000, 1658880, PROT_READ|PROT_EXEC, MAP_PRIVATE|MAP_FIXED|MAP_DENYWRITE, 3, 0x28000) = 0x7fe976428000 <0.000081>
mmap(0x7fe9765bd000, 360448, PROT_READ, MAP_PRIVATE|MAP_FIXED|MAP_DENYWRITE, 3, 0x1bd000) = 0x7fe9765bd000 <0.000078>
mmap(0x7fe976615000, 24576, PROT_READ|PROT_WRITE, MAP_PRIVATE|MAP_FIXED|MAP_DENYWRITE, 3, 0x214000) = 0x7fe976615000 <0.000107>
mmap(0x7fe97661b000, 52816, PROT_READ|PROT_WRITE, MAP_PRIVATE|MAP_FIXED|MAP_ANONYMOUS, -1, 0) = 0x7fe97661b000 <0.000080>
close(3)                                = 0 <0.000075>
mmap(NULL, 12288, PROT_READ|PROT_WRITE, MAP_PRIVATE|MAP_ANONYMOUS, -1, 0) = 0x7fe976728000 <0.000078>
arch_prctl(ARCH_SET_FS, 0x7fe976728740) = 0 <0.000078>
set_tid_address(0x7fe976728a10)         = 8412 <0.000071>
set_robust_list(0x7fe976728a20, 24)     = 0 <0.000090>
rseq(0x7fe9767290e0, 0x20, 0, 0x53053053) = 0 <0.000080>
mprotect(0x7fe976615000, 16384, PROT_READ) = 0 <0.000102>
mprotect(0x55c3838f0000, 4096, PROT_READ) = 0 <0.000011>
mprotect(0x7fe97676b000, 8192, PROT_READ) = 0 <0.000009>
prlimit64(0, RLIMIT_STACK, NULL, {rlim_cur=8192*1024, rlim_max=RLIM64_INFINITY}) = 0 <0.000006>
munmap(0x7fe97672b000, 21775)           = 0 <0.000012>
newfstatat(1, "", {st_mode=S_IFCHR|0620, st_rdev=makedev(0x88, 0), ...}, AT_EMPTY_PATH) = 0 <0.000081>
getrandom("\x08\xbb\xcd\x07\x6a\xc2\x47\x27", 8, GRND_NONBLOCK) = 8 <0.000006>
brk(NULL)                               = 0x55c3839e9000 <0.000005>
brk(0x55c383a0a000)                     = 0x55c383a0a000 <0.000008>
write(1, "hello, world\n", 13)          = 13 <0.000090>
exit_group(0)                           = ?
+++ exited with 0 +++
