06:22:32.552473 execve("./hello", ["./hello"], 0x7ffd3de15148 /* 26 vars */) = 0
06:22:32.552941 brk(NULL)               = 0x56541d7e6000
06:22:32.553213 arch_prctl(0x3001 /* ARCH_??? */, 0x7fff4b1be320) = -1 EINVAL (Invalid argument)
06:22:32.553453 mmap(NULL, 8192, PROT_READ|PROT_WRITE, MAP_PRIVATE|MAP_ANONYMOUS, -1, 0) = 0x7fb008438000
06:22:32.553700 access("/etc/ld.so.preload", R_OK) = -1 ENOENT (No such file or directory)
06:22:32.553915 openat(AT_FDCWD, "/etc/ld.so.cache", O_RDONLY|O_CLOEXEC) = 3
06:22:32.554131 newfstatat(3, "", {st_mode=S_IFREG|0644, st_size=21775, ...}, AT_EMPTY_PATH) = 0
06:22:32.554354 mmap(NULL, 21775, PROT_READ, MAP_PRIVATE, 3, 0) = 0x7fb008432000
06:22:32.554554 close(3)                = 0
06:22:32.554761 openat(AT_FDCWD, "/lib/x86_64-linux-gnu/libc.so.6", O_RDONLY|O_CLOEXEC) = 3
06:22:32.554966 read(3, "\177ELF\2\1\1\3\0\0\0\0\0\0\0\0\3\0>\0\1\0\0\0P\237\2\0\0\0\0\0"..., 832) = 832
06:22:32.555189 pread64(3, "\6\0\0\0\4\0\0\0@\0\0\0\0\0\0\0@\0\0\0\0\0\0\0@\0\0\0\0\0\0\0"..., 784, 64) = 784
06:22:32.555410 pread64(3, "\4\0\0\0 \0\0\0\5\0\0\0GNU\0\2\0\0\300\4\0\0\0\3\0\0\0\0\0\0\0"..., 48, 848) = 48
06:22:32.555606 pread64(3, "\4\0\0\0\24\0\0\0\3\0\0\0GNU\0i8\235HZ\227\223\333\350s\360\352,\223\340."..., 68, 896) = 68
06:22:32.555852 newfstatat(3, "", {st_mode=S_IFREG|0644, st_size=2216304, ...}, AT_EMPTY_PATH) = 0
06:22:32.556084 pread64(3, "\6\0\0\0\4\0\0\0@\0\0\0\0\0\0\0@\0\0\0\0\0\0\0@\0\0\0\0\0\0\0"..., 784, 64) = 784
06:22:32.556333 mmap(NULL, 2260560, PROT_READ, MAP_PRIVATE|MAP_DENYWRITE, 3, 0) = 0x7fb008200000
06:22:32.556514 mmap(0x7fb008228000, 1658880, PROT_READ|PROT_EXEC, MAP_PRIVATE|MAP_FIXED|MAP_DENYWRITE, 3, 0x28000) = 0x7fb008228000
06:22:32.556729 mmap(0x7fb0083bd000, 360448, PROT_READ, MAP_PRIVATE|MAP_FIXED|MAP_DENYWRITE, 3, 0x1bd000) = 0x7fb0083bd000
06:22:32.556969 mmap(0x7fb008415000, 24576, PROT_READ|PROT_WRITE, MAP_PRIVATE|MAP_FIXED|MAP_DENYWRITE, 3, 0x214000) = 0x7fb008415000
06:22:32.557188 mmap(0x7fb00841b000, 52816, PROT_READ|PROT_WRITE, MAP_PRIVATE|MAP_FIXED|MAP_ANONYMOUS, -1, 0) = 0x7fb00841b000
06:22:32.557405 close(3)                = 0
06:22:32.557686 mmap(NULL, 12288, PROT_READ|PROT_WRITE, MAP_PRIVATE|MAP_ANONYMOUS, -1, 0) = 0x7fb00842f000
06:22:32.557936 arch_prctl(ARCH_SET_FS, 0x7fb00842f740) = 0
06:22:32.558040 set_tid_address(0x7fb00842fa10) = 8494
06:22:32.558066 set_robust_list(0x7fb00842fa20, 24) = 0
06:22:32.558090 rseq(0x7fb0084300e0, 0x20, 0, 0x53053053) = 0
06:22:32.558154 mprotect(0x7fb008415000, 16384, PROT_READ) = 0
06:22:32.558290 mprotect(0x56541b8de000, 4096, PROT_READ) = 0
06:22:32.558335 mprotect(0x7fb008472000, 8192, PROT_READ) = 0
06:22:32.558382 prlimit64(0, RLIMIT_STACK, NULL, {rlim_cur=8192*1024, rlim_max=RLIM64_INFINITY}) = 0
06:22:32.558441 munmap(0x7fb008432000, 21775) = 0
06:22:32.558581 newfstatat(1, "", {st_mode=S_IFCHR|0620, st_rdev=makedev(0x88, 0), ...}, AT_EMPTY_PATH) = 0
06:22:32.558654 getrandom("\xc9\x6e\x6a\x19\x70\x3d\x91\x57", 8, GRND_NONBLOCK) = 8
06:22:32.558695 brk(NULL)               = 0x56541d7e6000
06:22:32.558791 brk(0x56541d807000)     = 0x56541d807000
06:22:32.558828 write(1, "hello, world\n", 13) = 13
06:22:32.558980 exit_group(0)           = ?
06:22:32.559114 +++ exited with 0 +++
